<?xml version="1.0" encoding="UTF-8"?>
<testng-results ignored="0" total="1" passed="1" failed="0" skipped="0">
  <reporter-output>
  </reporter-output>
  <suite started-at="2024-07-16T21:59:52 IST" name="Suite" finished-at="2024-07-16T21:59:53 IST" duration-ms="1422">
    <groups>
    </groups>
    <test started-at="2024-07-16T21:59:52 IST" name="Test" finished-at="2024-07-16T21:59:53 IST" duration-ms="1422">
      <class name="testing.BasicClass">
        <test-method is-config="true" signature="baseMethod()[pri:0, instance:testing.BasicClass@4803b726]" started-at="2024-07-16T21:59:52 IST" name="baseMethod" finished-at="2024-07-16T21:59:53 IST" duration-ms="1123" status="PASS">
          <reporter-output>
          </reporter-output>
        </test-method> <!-- baseMethod -->
        <test-method signature="firstTest()[pri:0, instance:testing.BasicClass@4803b726]" started-at="2024-07-16T21:59:53 IST" name="firstTest" finished-at="2024-07-16T21:59:53 IST" duration-ms="273" status="PASS">
          <reporter-output>
          </reporter-output>
        </test-method> <!-- firstTest -->
      </class> <!-- testing.BasicClass -->
    </test> <!-- Test -->
  </suite> <!-- Suite -->
</testng-results>
