<?xml version="1.0" encoding="UTF-8"?>
<testng-results ignored="0" total="2" passed="2" failed="0" skipped="0">
  <reporter-output>
  </reporter-output>
  <suite started-at="2025-02-03T21:02:08 IST" name="Suite" finished-at="2025-02-03T21:02:09 IST" duration-ms="1284">
    <groups>
    </groups>
    <test started-at="2025-02-03T21:02:08 IST" name="Test" finished-at="2025-02-03T21:02:09 IST" duration-ms="1284">
      <class name="testing.TestJenkinsAndGit">
        <test-method is-config="true" signature="baseMethod()[pri:0, instance:testing.TestJenkinsAndGit@39529185]" started-at="2025-02-03T21:02:08 IST" name="baseMethod" finished-at="2025-02-03T21:02:09 IST" duration-ms="1044" status="PASS">
          <reporter-output>
          </reporter-output>
        </test-method> <!-- baseMethod -->
        <test-method signature="firstTest()[pri:0, instance:testing.TestJenkinsAndGit@39529185]" started-at="2025-02-03T21:02:09 IST" name="firstTest" finished-at="2025-02-03T21:02:09 IST" duration-ms="217" status="PASS">
          <reporter-output>
          </reporter-output>
        </test-method> <!-- firstTest -->
      </class> <!-- testing.TestJenkinsAndGit -->
      <class name="testing.SimpleClass">
        <test-method signature="test()[pri:0, instance:testing.SimpleClass@2e4b8173]" started-at="2025-02-03T21:02:09 IST" name="test" finished-at="2025-02-03T21:02:09 IST" duration-ms="1" status="PASS">
          <reporter-output>
          </reporter-output>
        </test-method> <!-- test -->
      </class> <!-- testing.SimpleClass -->
    </test> <!-- Test -->
  </suite> <!-- Suite -->
</testng-results>
