<?xml version="1.0" encoding="UTF-8"?>
<testng-results ignored="0" total="2" passed="2" failed="0" skipped="0">
  <reporter-output>
  </reporter-output>
  <suite started-at="2025-02-03T18:17:28 IST" name="Suite" finished-at="2025-02-03T18:17:30 IST" duration-ms="1773">
    <groups>
    </groups>
    <test started-at="2025-02-03T18:17:28 IST" name="Test" finished-at="2025-02-03T18:17:30 IST" duration-ms="1773">
      <class name="testing.TestJenkinsAndGit">
        <test-method is-config="true" signature="baseMethod()[pri:0, instance:testing.TestJenkinsAndGit@e350b40]" started-at="2025-02-03T18:17:28 IST" name="baseMethod" finished-at="2025-02-03T18:17:30 IST" duration-ms="1374" status="PASS">
          <reporter-output>
          </reporter-output>
        </test-method> <!-- baseMethod -->
        <test-method signature="firstTest()[pri:0, instance:testing.TestJenkinsAndGit@e350b40]" started-at="2025-02-03T18:17:30 IST" name="firstTest" finished-at="2025-02-03T18:17:30 IST" duration-ms="350" status="PASS">
          <reporter-output>
          </reporter-output>
        </test-method> <!-- firstTest -->
      </class> <!-- testing.TestJenkinsAndGit -->
      <class name="testing.SimpleClass">
        <test-method signature="test()[pri:0, instance:testing.SimpleClass@47d9a273]" started-at="2025-02-03T18:17:30 IST" name="test" finished-at="2025-02-03T18:17:30 IST" duration-ms="3" status="PASS">
          <reporter-output>
          </reporter-output>
        </test-method> <!-- test -->
      </class> <!-- testing.SimpleClass -->
    </test> <!-- Test -->
  </suite> <!-- Suite -->
</testng-results>
